2025-10-01 21:56:14,511 INFO o.a.j.u.JMeterUtils: Setting Locale to en_EN
2025-10-01 21:56:14,536 INFO o.a.j.JMeter: Loading user properties from: C:\tools\jmeter\apache-jmeter-5.6.3\bin\user.properties
2025-10-01 21:56:14,537 INFO o.a.j.JMeter: Loading system properties from: C:\tools\jmeter\apache-jmeter-5.6.3\bin\system.properties
2025-10-01 21:56:14,546 INFO o.a.j.JMeter: Copyright (c) 1998-2024 The Apache Software Foundation
2025-10-01 21:56:14,546 INFO o.a.j.JMeter: Version 5.6.3
2025-10-01 21:56:14,546 INFO o.a.j.JMeter: java.version=25
2025-10-01 21:56:14,546 INFO o.a.j.JMeter: java.vm.name=OpenJDK 64-Bit Server VM
2025-10-01 21:56:14,547 INFO o.a.j.JMeter: os.name=Windows 10
2025-10-01 21:56:14,547 INFO o.a.j.JMeter: os.arch=amd64
2025-10-01 21:56:14,547 INFO o.a.j.JMeter: os.version=10.0
2025-10-01 21:56:14,547 INFO o.a.j.JMeter: file.encoding=UTF-8
2025-10-01 21:56:14,548 INFO o.a.j.JMeter: java.awt.headless=true
2025-10-01 21:56:14,548 INFO o.a.j.JMeter: Max memory     =1073741824
2025-10-01 21:56:14,548 INFO o.a.j.JMeter: Available Processors =8
2025-10-01 21:56:14,569 INFO o.a.j.JMeter: Default Locale=English (EN)
2025-10-01 21:56:14,570 INFO o.a.j.JMeter: JMeter  Locale=English (EN)
2025-10-01 21:56:14,570 INFO o.a.j.JMeter: JMeterHome=C:\tools\jmeter\apache-jmeter-5.6.3
2025-10-01 21:56:14,570 INFO o.a.j.JMeter: user.dir  =C:\Users\HP\Desktop\Projects\JuiceShop_UI_Tests
2025-10-01 21:56:14,571 INFO o.a.j.JMeter: PWD       =C:\Users\HP\Desktop\Projects\JuiceShop_UI_Tests
2025-10-01 21:56:14,862 INFO o.a.j.JMeter: IP: 192.168.0.111 Name: DESKTOP-PBJMCP4 FullName: 192.168.0.111
2025-10-01 21:56:14,873 INFO o.a.j.JMeter: Setting property 'jmeter.reportgenerator.outputdir' to:'C:\Users\HP\Desktop\Projects\JuiceShop_UI_Tests\reports\jmeter\dashboard'
2025-10-01 21:56:14,878 INFO o.a.j.s.FileServer: Default base='C:\Users\HP\Desktop\Projects\JuiceShop_UI_Tests'
2025-10-01 21:56:14,880 INFO o.a.j.s.FileServer: Set new base='C:\Users\HP\Desktop\Projects\JuiceShop_UI_Tests\reports\jmeter'
2025-10-01 21:56:15,264 INFO o.a.j.s.SaveService: Testplan (JMX) version: 2.2. Testlog (JTL) version: 2.2
2025-10-01 21:56:15,293 INFO o.a.j.s.SaveService: Using SaveService properties version 5.0
2025-10-01 21:56:15,297 INFO o.a.j.s.SaveService: Using SaveService properties file encoding UTF-8
2025-10-01 21:56:15,302 INFO o.a.j.s.SaveService: Loading file: reports\jmeter\juice_shop_load_test.jmx
2025-10-01 21:56:15,403 INFO o.a.j.p.h.s.HTTPSamplerBase: Parser for text/html is org.apache.jmeter.protocol.http.parser.LagartoBasedHtmlParser
2025-10-01 21:56:15,404 INFO o.a.j.p.h.s.HTTPSamplerBase: Parser for application/xhtml+xml is org.apache.jmeter.protocol.http.parser.LagartoBasedHtmlParser
2025-10-01 21:56:15,404 INFO o.a.j.p.h.s.HTTPSamplerBase: Parser for application/xml is org.apache.jmeter.protocol.http.parser.LagartoBasedHtmlParser
2025-10-01 21:56:15,404 INFO o.a.j.p.h.s.HTTPSamplerBase: Parser for text/xml is org.apache.jmeter.protocol.http.parser.LagartoBasedHtmlParser
2025-10-01 21:56:15,404 INFO o.a.j.p.h.s.HTTPSamplerBase: Parser for text/vnd.wap.wml is org.apache.jmeter.protocol.http.parser.RegexpHTMLParser
2025-10-01 21:56:15,404 INFO o.a.j.p.h.s.HTTPSamplerBase: Parser for text/css is org.apache.jmeter.protocol.http.parser.CssParser
2025-10-01 21:56:15,439 INFO o.a.j.JMeter: Creating summariser <summary>
2025-10-01 21:56:15,445 INFO o.a.j.r.d.ReportGenerator: ReportGenerator will use for Parsing the separator: ','
2025-10-01 21:56:15,445 INFO o.a.j.r.d.ReportGenerator: Will generate report at end of test from  results file: reports\jmeter\results.jtl
2025-10-01 21:56:15,445 INFO o.a.j.r.d.ReportGenerator: Reading report generator properties from: C:\tools\jmeter\apache-jmeter-5.6.3\bin\reportgenerator.properties
2025-10-01 21:56:15,467 INFO o.a.j.r.d.ReportGenerator: Merging with JMeter properties
2025-10-01 21:56:15,474 INFO o.a.j.r.c.ReportGeneratorConfiguration: Property 'jmeter.reportgenerator.temp_dir' not found, using default value 'temp' instead.
2025-10-01 21:56:15,478 INFO o.a.j.r.c.ReportGeneratorConfiguration: Property 'jmeter.reportgenerator.apdex_per_transaction' not found, using default value 'null' instead.
2025-10-01 21:56:15,478 INFO o.a.j.r.c.ReportGeneratorConfiguration: apdex_per_transaction is empty, not APDEX per transaction customization
2025-10-01 21:56:15,478 INFO o.a.j.r.c.ReportGeneratorConfiguration: Property 'jmeter.reportgenerator.sample_filter' not found, using default value 'null' instead.
2025-10-01 21:56:15,479 INFO o.a.j.r.c.ReportGeneratorConfiguration: Property 'jmeter.reportgenerator.report_title' not found, using default value 'null' instead.
2025-10-01 21:56:15,479 INFO o.a.j.r.c.ReportGeneratorConfiguration: Property 'jmeter.reportgenerator.start_date' not found, using default value 'null' instead.
2025-10-01 21:56:15,479 INFO o.a.j.r.c.ReportGeneratorConfiguration: Property 'jmeter.reportgenerator.end_date' not found, using default value 'null' instead.
2025-10-01 21:56:15,479 INFO o.a.j.r.c.ReportGeneratorConfiguration: Property 'jmeter.reportgenerator.date_format' not found, using default value 'null' instead.
2025-10-01 21:56:15,479 INFO o.a.j.r.c.ReportGeneratorConfiguration: Will use date range start date: null, end date: null
2025-10-01 21:56:15,485 INFO o.a.j.r.c.ReportGeneratorConfiguration: Property 'jmeter.reportgenerator.graph.totalTPS.exclude_controllers' not found, using default value 'false' instead.
2025-10-01 21:56:15,485 INFO o.a.j.r.c.ReportGeneratorConfiguration: Property 'jmeter.reportgenerator.graph.activeThreadsOverTime.exclude_controllers' not found, using default value 'false' instead.
2025-10-01 21:56:15,485 INFO o.a.j.r.c.ReportGeneratorConfiguration: Property 'jmeter.reportgenerator.graph.timeVsThreads.exclude_controllers' not found, using default value 'false' instead.
2025-10-01 21:56:15,486 INFO o.a.j.r.c.ReportGeneratorConfiguration: Property 'jmeter.reportgenerator.graph.responseTimeDistribution.exclude_controllers' not found, using default value 'false' instead.
2025-10-01 21:56:15,486 INFO o.a.j.r.c.ReportGeneratorConfiguration: Property 'jmeter.reportgenerator.graph.transactionsPerSecond.exclude_controllers' not found, using default value 'false' instead.
2025-10-01 21:56:15,486 INFO o.a.j.r.c.ReportGeneratorConfiguration: Property 'jmeter.reportgenerator.graph.responseTimePercentiles.exclude_controllers' not found, using default value 'false' instead.
2025-10-01 21:56:15,486 INFO o.a.j.r.c.ReportGeneratorConfiguration: Property 'jmeter.reportgenerator.graph.responseTimePercentilesOverTime.exclude_controllers' not found, using default value 'false' instead.
2025-10-01 21:56:15,486 INFO o.a.j.r.c.ReportGeneratorConfiguration: Property 'jmeter.reportgenerator.graph.responseTimesOverTime.exclude_controllers' not found, using default value 'false' instead.
2025-10-01 21:56:15,486 INFO o.a.j.r.c.ReportGeneratorConfiguration: Property 'jmeter.reportgenerator.graph.connectTimeOverTime.exclude_controllers' not found, using default value 'false' instead.
2025-10-01 21:56:15,487 INFO o.a.j.r.c.ReportGeneratorConfiguration: Property 'jmeter.reportgenerator.graph.latenciesOverTime.exclude_controllers' not found, using default value 'false' instead.
2025-10-01 21:56:15,488 INFO o.a.j.r.c.ReportGeneratorConfiguration: Property 'jmeter.reportgenerator.exporter.json.filters_only_sample_series' not found, using default value 'true' instead.
2025-10-01 21:56:15,488 INFO o.a.j.r.c.ReportGeneratorConfiguration: Property 'jmeter.reportgenerator.exporter.json.series_filter' not found, using default value '' instead.
2025-10-01 21:56:15,488 INFO o.a.j.r.c.ReportGeneratorConfiguration: Property 'jmeter.reportgenerator.exporter.json.show_controllers_only' not found, using default value 'false' instead.
2025-10-01 21:56:15,489 INFO o.a.j.r.c.ReportGeneratorConfiguration: Property 'jmeter.reportgenerator.exporter.html.filters_only_sample_series' not found, using default value 'true' instead.
2025-10-01 21:56:15,489 INFO o.a.j.r.c.ReportGeneratorConfiguration: Property 'jmeter.reportgenerator.exporter.html.series_filter' not found, using default value '' instead.
2025-10-01 21:56:15,489 INFO o.a.j.r.c.ReportGeneratorConfiguration: Property 'jmeter.reportgenerator.exporter.html.show_controllers_only' not found, using default value 'false' instead.
2025-10-01 21:56:15,509 INFO o.a.j.e.StandardJMeterEngine: Running the test!
2025-10-01 21:56:15,510 INFO o.a.j.s.SampleEvent: List of sample_variables: []
2025-10-01 21:56:15,510 INFO o.a.j.s.SampleEvent: List of sample_variables: []
2025-10-01 21:56:15,516 INFO o.a.j.e.u.CompoundVariable: Note: Function class names must contain the string: '.functions.'
2025-10-01 21:56:15,518 INFO o.a.j.e.u.CompoundVariable: Note: Function class names must not contain the string: '.gui.'
2025-10-01 21:56:15,650 INFO o.a.j.JMeter: Running test (1759341375650)
2025-10-01 21:56:15,676 INFO o.a.j.e.StandardJMeterEngine: Starting ThreadGroup: 1 : JuicShop Smoke Load
2025-10-01 21:56:15,677 INFO o.a.j.e.StandardJMeterEngine: Starting 10 threads for group JuicShop Smoke Load.
2025-10-01 21:56:15,677 INFO o.a.j.e.StandardJMeterEngine: Thread will continue on error
2025-10-01 21:56:15,677 INFO o.a.j.t.ThreadGroup: Starting thread group... number=1 threads=10 ramp-up=10 delayedStart=false
2025-10-01 21:56:15,691 INFO o.a.j.t.ThreadGroup: Started thread group number 1
2025-10-01 21:56:15,691 INFO o.a.j.e.StandardJMeterEngine: All thread groups have been started
2025-10-01 21:56:15,691 INFO o.a.j.t.JMeterThread: Thread started: JuicShop Smoke Load 1-1
2025-10-01 21:56:15,721 INFO o.a.j.p.h.s.HTTPHCAbstractImpl: Local host = DESKTOP-PBJMCP4
2025-10-01 21:56:15,734 INFO o.a.j.p.h.s.HTTPHC4Impl: HTTP request retry count = 0
2025-10-01 21:56:15,736 INFO o.a.j.s.SampleResult: Note: Sample TimeStamps are START times
2025-10-01 21:56:15,737 INFO o.a.j.s.SampleResult: sampleresult.default.encoding is set to UTF-8
2025-10-01 21:56:15,738 INFO o.a.j.s.SampleResult: sampleresult.useNanoTime=true
2025-10-01 21:56:15,738 INFO o.a.j.s.SampleResult: sampleresult.nanoThreadSleep=5000
2025-10-01 21:56:16,088 INFO o.a.j.t.JMeterThread: Thread is done: JuicShop Smoke Load 1-1
2025-10-01 21:56:16,088 INFO o.a.j.t.JMeterThread: Thread finished: JuicShop Smoke Load 1-1
2025-10-01 21:56:16,687 INFO o.a.j.t.JMeterThread: Thread started: JuicShop Smoke Load 1-2
2025-10-01 21:56:16,830 INFO o.a.j.t.JMeterThread: Thread is done: JuicShop Smoke Load 1-2
2025-10-01 21:56:16,830 INFO o.a.j.t.JMeterThread: Thread finished: JuicShop Smoke Load 1-2
2025-10-01 21:56:17,683 INFO o.a.j.t.JMeterThread: Thread started: JuicShop Smoke Load 1-3
2025-10-01 21:56:17,824 INFO o.a.j.t.JMeterThread: Thread is done: JuicShop Smoke Load 1-3
2025-10-01 21:56:17,824 INFO o.a.j.t.JMeterThread: Thread finished: JuicShop Smoke Load 1-3
2025-10-01 21:56:18,683 INFO o.a.j.t.JMeterThread: Thread started: JuicShop Smoke Load 1-4
2025-10-01 21:56:18,827 INFO o.a.j.t.JMeterThread: Thread is done: JuicShop Smoke Load 1-4
2025-10-01 21:56:18,827 INFO o.a.j.t.JMeterThread: Thread finished: JuicShop Smoke Load 1-4
2025-10-01 21:56:19,686 INFO o.a.j.t.JMeterThread: Thread started: JuicShop Smoke Load 1-5
2025-10-01 21:56:19,842 INFO o.a.j.t.JMeterThread: Thread is done: JuicShop Smoke Load 1-5
2025-10-01 21:56:19,842 INFO o.a.j.t.JMeterThread: Thread finished: JuicShop Smoke Load 1-5
2025-10-01 21:56:20,687 INFO o.a.j.t.JMeterThread: Thread started: JuicShop Smoke Load 1-6
2025-10-01 21:56:20,901 INFO o.a.j.t.JMeterThread: Thread is done: JuicShop Smoke Load 1-6
2025-10-01 21:56:20,902 INFO o.a.j.t.JMeterThread: Thread finished: JuicShop Smoke Load 1-6
2025-10-01 21:56:21,681 INFO o.a.j.t.JMeterThread: Thread started: JuicShop Smoke Load 1-7
2025-10-01 21:56:21,816 INFO o.a.j.t.JMeterThread: Thread is done: JuicShop Smoke Load 1-7
2025-10-01 21:56:21,816 INFO o.a.j.t.JMeterThread: Thread finished: JuicShop Smoke Load 1-7
2025-10-01 21:56:22,680 INFO o.a.j.t.JMeterThread: Thread started: JuicShop Smoke Load 1-8
2025-10-01 21:56:22,801 INFO o.a.j.t.JMeterThread: Thread is done: JuicShop Smoke Load 1-8
2025-10-01 21:56:22,801 INFO o.a.j.t.JMeterThread: Thread finished: JuicShop Smoke Load 1-8
2025-10-01 21:56:23,685 INFO o.a.j.t.JMeterThread: Thread started: JuicShop Smoke Load 1-9
2025-10-01 21:56:23,819 INFO o.a.j.t.JMeterThread: Thread is done: JuicShop Smoke Load 1-9
2025-10-01 21:56:23,819 INFO o.a.j.t.JMeterThread: Thread finished: JuicShop Smoke Load 1-9
2025-10-01 21:56:24,686 INFO o.a.j.t.JMeterThread: Thread started: JuicShop Smoke Load 1-10
2025-10-01 21:56:24,868 INFO o.a.j.t.JMeterThread: Thread is done: JuicShop Smoke Load 1-10
2025-10-01 21:56:24,868 INFO o.a.j.t.JMeterThread: Thread finished: JuicShop Smoke Load 1-10
2025-10-01 21:56:24,868 INFO o.a.j.e.StandardJMeterEngine: Notifying test listeners of end of test
2025-10-01 21:56:24,871 INFO o.a.j.r.Summariser: summary =    100 in 00:00:09 =   10.8/s Avg:    15 Min:     3 Max:    63 Err:     0 (0.00%)
2025-10-01 21:56:24,872 INFO o.a.j.JMeter: Generating Dashboard
2025-10-01 21:56:24,872 INFO o.a.j.r.d.ReportGenerator: Flushing result collector before report Generation
2025-10-01 21:56:24,888 INFO o.a.j.r.p.NormalizerSampleConsumer: Using format, 'ms', to parse timeStamp field
2025-10-01 21:56:25,017 INFO o.a.j.r.p.AbstractSampleConsumer: class org.apache.jmeter.report.processor.AggregateConsumer#stopProducing(): beginDate produced 0 samples
2025-10-01 21:56:25,018 INFO o.a.j.r.p.AbstractSampleConsumer: class org.apache.jmeter.report.processor.AggregateConsumer#stopProducing(): endDate produced 0 samples
2025-10-01 21:56:25,020 INFO o.a.j.r.p.AbstractSampleConsumer: class org.apache.jmeter.report.processor.ApdexSummaryConsumer#stopProducing(): apdexSummary produced 0 samples
2025-10-01 21:56:25,020 INFO o.a.j.r.p.AbstractSampleConsumer: class org.apache.jmeter.report.processor.RequestsSummaryConsumer#stopProducing(): requestsSummary produced 0 samples
2025-10-01 21:56:25,026 INFO o.a.j.r.p.AbstractSampleConsumer: class org.apache.jmeter.report.processor.StatisticsSummaryConsumer#stopProducing(): statisticsSummary produced 0 samples
2025-10-01 21:56:25,027 INFO o.a.j.r.p.AbstractSampleConsumer: class org.apache.jmeter.report.processor.Top5ErrorsBySamplerConsumer#stopProducing(): top5ErrorsBySampler produced 0 samples
2025-10-01 21:56:25,028 INFO o.a.j.r.p.AbstractSampleConsumer: class org.apache.jmeter.report.processor.ErrorsSummaryConsumer#stopProducing(): errorsSummary produced 0 samples
2025-10-01 21:56:25,028 INFO o.a.j.r.p.AbstractSampleConsumer: class org.apache.jmeter.report.processor.graph.impl.HitsPerSecondGraphConsumer#stopProducing(): hitsPerSecond produced 0 samples
2025-10-01 21:56:25,052 INFO o.a.j.r.p.AbstractSampleConsumer: class org.apache.jmeter.report.processor.graph.impl.LatencyVSRequestGraphConsumer#stopProducing(): latencyVsRequest produced 0 samples
2025-10-01 21:56:25,053 INFO o.a.j.r.p.AbstractSampleConsumer: class org.apache.jmeter.report.processor.graph.impl.SyntheticResponseTimeDistributionGraphConsumer#stopProducing(): syntheticResponseTimeDistribution produced 0 samples
2025-10-01 21:56:25,054 INFO o.a.j.r.p.AbstractSampleConsumer: class org.apache.jmeter.report.processor.graph.impl.BytesThroughputGraphConsumer#stopProducing(): bytesThroughputOverTime produced 0 samples
2025-10-01 21:56:25,054 INFO o.a.j.r.p.AbstractSampleConsumer: class org.apache.jmeter.report.processor.graph.impl.CodesPerSecondGraphConsumer#stopProducing(): codesPerSecond produced 0 samples
2025-10-01 21:56:25,061 INFO o.a.j.r.p.AbstractSampleConsumer: class org.apache.jmeter.report.processor.graph.impl.ResponseTimeVSRequestGraphConsumer#stopProducing(): responseTimeVsRequest produced 0 samples
2025-10-01 21:56:25,062 INFO o.a.j.r.p.AbstractSampleConsumer: class org.apache.jmeter.report.processor.FilterConsumer#stopProducing(): startIntervalControlerFilter produced 700 samples
2025-10-01 21:56:25,062 INFO o.a.j.r.p.AbstractSampleConsumer: class org.apache.jmeter.report.processor.graph.impl.TotalTPSGraphConsumer#stopProducing(): totalTPS produced 0 samples
2025-10-01 21:56:25,062 INFO o.a.j.r.p.AbstractSampleConsumer: class org.apache.jmeter.report.processor.graph.impl.ActiveThreadsGraphConsumer#stopProducing(): activeThreadsOverTime produced 0 samples
2025-10-01 21:56:25,062 INFO o.a.j.r.p.AbstractSampleConsumer: class org.apache.jmeter.report.processor.graph.impl.TimeVSThreadGraphConsumer#stopProducing(): timeVsThreads produced 0 samples
2025-10-01 21:56:25,062 INFO o.a.j.r.p.AbstractSampleConsumer: class org.apache.jmeter.report.processor.graph.impl.ResponseTimeDistributionGraphConsumer#stopProducing(): responseTimeDistribution produced 0 samples
2025-10-01 21:56:25,063 INFO o.a.j.r.p.AbstractSampleConsumer: class org.apache.jmeter.report.processor.graph.impl.TransactionsPerSecondGraphConsumer#stopProducing(): transactionsPerSecond produced 0 samples
2025-10-01 21:56:25,063 INFO o.a.j.r.p.AbstractSampleConsumer: class org.apache.jmeter.report.processor.graph.impl.ResponseTimePercentilesGraphConsumer#stopProducing(): responseTimePercentiles produced 0 samples
2025-10-01 21:56:25,064 INFO o.a.j.r.p.AbstractSampleConsumer: class org.apache.jmeter.report.processor.graph.impl.ResponseTimePercentilesOverTimeGraphConsumer#stopProducing(): responseTimePercentilesOverTime produced 0 samples
2025-10-01 21:56:25,065 INFO o.a.j.r.p.AbstractSampleConsumer: class org.apache.jmeter.report.processor.graph.impl.ResponseTimeOverTimeGraphConsumer#stopProducing(): responseTimesOverTime produced 0 samples
2025-10-01 21:56:25,065 INFO o.a.j.r.p.AbstractSampleConsumer: class org.apache.jmeter.report.processor.graph.impl.ConnectTimeOverTimeGraphConsumer#stopProducing(): connectTimeOverTime produced 0 samples
2025-10-01 21:56:25,065 INFO o.a.j.r.p.AbstractSampleConsumer: class org.apache.jmeter.report.processor.graph.impl.LatencyOverTimeGraphConsumer#stopProducing(): latenciesOverTime produced 0 samples
2025-10-01 21:56:25,065 INFO o.a.j.r.p.AbstractSampleConsumer: class org.apache.jmeter.report.processor.FilterConsumer#stopProducing(): nameFilter produced 1500 samples
2025-10-01 21:56:25,065 INFO o.a.j.r.p.AbstractSampleConsumer: class org.apache.jmeter.report.processor.FilterConsumer#stopProducing(): dateRangeFilter produced 300 samples
2025-10-01 21:56:25,065 INFO o.a.j.r.p.AbstractSampleConsumer: class org.apache.jmeter.report.processor.NormalizerSampleConsumer#stopProducing(): normalizer produced 100 samples
2025-10-01 21:56:25,065 INFO o.a.j.r.p.CsvFileSampleSource: produce(): 100 samples produced in 136ms on channel 0
2025-10-01 21:56:25,065 INFO o.a.j.r.d.ReportGenerator: Exporting data using exporter:'json' of className:'org.apache.jmeter.report.dashboard.JsonExporter'
2025-10-01 21:56:25,162 INFO o.a.j.r.d.JsonExporter: Found data for consumer statisticsSummary in context
2025-10-01 21:56:25,162 INFO o.a.j.r.d.JsonExporter: Creating statistics for overall
2025-10-01 21:56:25,163 INFO o.a.j.r.d.JsonExporter: Creating statistics for other transactions
2025-10-01 21:56:25,164 INFO o.a.j.r.d.JsonExporter: Checking output folder
2025-10-01 21:56:25,165 INFO o.a.j.r.d.JsonExporter: Writing statistics JSON to C:\Users\HP\Desktop\Projects\JuiceShop_UI_Tests\reports\jmeter\dashboard\statistics.json
2025-10-01 21:56:25,224 INFO o.a.j.r.d.ReportGenerator: Exporting data using exporter:'html' of className:'org.apache.jmeter.report.dashboard.HtmlTemplateExporter'
2025-10-01 21:56:25,227 INFO o.a.j.r.d.HtmlTemplateExporter: Will generate dashboard in folder: C:\Users\HP\Desktop\Projects\JuiceShop_UI_Tests\reports\jmeter\dashboard
2025-10-01 21:56:25,385 INFO o.a.j.r.d.HtmlTemplateExporter: Report will be generated in: C:\Users\HP\Desktop\Projects\JuiceShop_UI_Tests\reports\jmeter\dashboard, creating folder structure
2025-10-01 21:56:25,388 INFO o.a.j.r.d.TemplateVisitor: Copying folder from 'C:\tools\jmeter\apache-jmeter-5.6.3\bin\report-template' to 'C:\Users\HP\Desktop\Projects\JuiceShop_UI_Tests\reports\jmeter\dashboard', got message: C:\Users\HP\Desktop\Projects\JuiceShop_UI_Tests\reports\jmeter\dashboard, found non empty folder with following content [C:\Users\HP\Desktop\Projects\JuiceShop_UI_Tests\reports\jmeter\dashboard\statistics.json], will be ignored
2025-10-01 21:56:26,226 INFO o.a.j.JMeter: Dashboard generated
